2021-02-19 03:40:54.235  WARN 14828 --- [HikariPool-1 housekeeper] com.zaxxer.hikari.pool.HikariPool        : HikariPool-1 - Thread starvation or clock leap detected (housekeeper delta=3h29s991ms525µs).
2021-02-19 08:55:36.391  WARN 14828 --- [HikariPool-1 housekeeper] com.zaxxer.hikari.pool.HikariPool        : HikariPool-1 - Thread starvation or clock leap detected (housekeeper delta=5h14m49s962ms98µs900ns).
2021-02-19 09:55:06.650  INFO 14828 --- [Thread-6] o.s.s.concurrent.ThreadPoolTaskExecutor  : Shutting down ExecutorService 'applicationTaskExecutor'
2021-02-19 09:55:06.656  INFO 14828 --- [Thread-6] j.LocalContainerEntityManagerFactoryBean : Closing JPA EntityManagerFactory for persistence unit 'default'
2021-02-19 09:55:06.675  INFO 14828 --- [Thread-6] com.zaxxer.hikari.HikariDataSource       : HikariPool-1 - Shutdown initiated...
2021-02-19 09:55:06.684  INFO 14828 --- [Thread-6] com.zaxxer.hikari.HikariDataSource       : HikariPool-1 - Shutdown completed.
2021-02-19 09:55:07.178  INFO 14828 --- [restartedMain] io.gourmand.GourmandApplication          : Starting GourmandApplication on DESKTOP-17JPC4P with PID 14828 (C:\ITStudy\GitHub\Gourmand_SpringBoot_Project\target\classes started by Playdata in C:\ITStudy\GitHub\Gourmand_SpringBoot_Project)
2021-02-19 09:55:07.179  INFO 14828 --- [restartedMain] io.gourmand.GourmandApplication          : No active profile set, falling back to default profiles: default
2021-02-19 09:55:08.143  INFO 14828 --- [restartedMain] .s.d.r.c.RepositoryConfigurationDelegate : Bootstrapping Spring Data JPA repositories in DEFAULT mode.
2021-02-19 09:55:08.324  INFO 14828 --- [restartedMain] .s.d.r.c.RepositoryConfigurationDelegate : Finished Spring Data repository scanning in 180ms. Found 13 JPA repository interfaces.
2021-02-19 09:55:08.990  INFO 14828 --- [restartedMain] o.s.b.w.embedded.tomcat.TomcatWebServer  : Tomcat initialized with port(s): 80 (http)
2021-02-19 09:55:08.992  INFO 14828 --- [restartedMain] o.apache.catalina.core.StandardService   : Starting service [Tomcat]
2021-02-19 09:55:08.992  INFO 14828 --- [restartedMain] org.apache.catalina.core.StandardEngine  : Starting Servlet engine: [Apache Tomcat/9.0.41]
2021-02-19 09:55:09.045  INFO 14828 --- [restartedMain] o.a.c.c.C.[Tomcat].[localhost].[/]       : Initializing Spring embedded WebApplicationContext
2021-02-19 09:55:09.046  INFO 14828 --- [restartedMain] w.s.c.ServletWebServerApplicationContext : Root WebApplicationContext: initialization completed in 1795 ms
2021-02-19 09:55:09.208  INFO 14828 --- [restartedMain] o.hibernate.jpa.internal.util.LogHelper  : HHH000204: Processing PersistenceUnitInfo [name: default]
2021-02-19 09:55:09.230  INFO 14828 --- [restartedMain] com.zaxxer.hikari.HikariDataSource       : HikariPool-2 - Starting...
2021-02-19 09:55:09.244  INFO 14828 --- [restartedMain] com.zaxxer.hikari.HikariDataSource       : HikariPool-2 - Start completed.
2021-02-19 09:55:09.245  INFO 14828 --- [restartedMain] org.hibernate.dialect.Dialect            : HHH000400: Using dialect: org.hibernate.dialect.MySQL5InnoDBDialect
2021-02-19 09:55:10.119  WARN 14828 --- [restartedMain] o.h.t.s.i.ExceptionHandlerLoggedImpl     : GenerationTarget encountered exception accepting command : Error executing DDL "
    alter table review 
       drop 
       foreign key FK1rj9t0d9eywkaqbe3dtn0qf3f" via JDBC Statement

org.hibernate.tool.schema.spi.CommandAcceptanceException: Error executing DDL "
    alter table review 
       drop 
       foreign key FK1rj9t0d9eywkaqbe3dtn0qf3f" via JDBC Statement
	at org.hibernate.tool.schema.internal.exec.GenerationTargetToDatabase.accept(GenerationTargetToDatabase.java:67) ~[hibernate-core-5.4.27.Final.jar:5.4.27.Final]
	at org.hibernate.tool.schema.internal.SchemaDropperImpl.applySqlString(SchemaDropperImpl.java:375) [hibernate-core-5.4.27.Final.jar:5.4.27.Final]
	at org.hibernate.tool.schema.internal.SchemaDropperImpl.applySqlStrings(SchemaDropperImpl.java:359) [hibernate-core-5.4.27.Final.jar:5.4.27.Final]
	at org.hibernate.tool.schema.internal.SchemaDropperImpl.applyConstraintDropping(SchemaDropperImpl.java:331) [hibernate-core-5.4.27.Final.jar:5.4.27.Final]
	at org.hibernate.tool.schema.internal.SchemaDropperImpl.dropFromMetadata(SchemaDropperImpl.java:230) [hibernate-core-5.4.27.Final.jar:5.4.27.Final]
	at org.hibernate.tool.schema.internal.SchemaDropperImpl.performDrop(SchemaDropperImpl.java:154) [hibernate-core-5.4.27.Final.jar:5.4.27.Final]
	at org.hibernate.tool.schema.internal.SchemaDropperImpl.doDrop(SchemaDropperImpl.java:126) [hibernate-core-5.4.27.Final.jar:5.4.27.Final]
	at org.hibernate.tool.schema.internal.SchemaDropperImpl.doDrop(SchemaDropperImpl.java:112) [hibernate-core-5.4.27.Final.jar:5.4.27.Final]
	at org.hibernate.tool.schema.spi.SchemaManagementToolCoordinator.performDatabaseAction(SchemaManagementToolCoordinator.java:145) [hibernate-core-5.4.27.Final.jar:5.4.27.Final]
	at org.hibernate.tool.schema.spi.SchemaManagementToolCoordinator.process(SchemaManagementToolCoordinator.java:73) [hibernate-core-5.4.27.Final.jar:5.4.27.Final]
	at org.hibernate.internal.SessionFactoryImpl.<init>(SessionFactoryImpl.java:316) [hibernate-core-5.4.27.Final.jar:5.4.27.Final]
	at org.hibernate.boot.internal.SessionFactoryBuilderImpl.build(SessionFactoryBuilderImpl.java:469) [hibernate-core-5.4.27.Final.jar:5.4.27.Final]
	at org.hibernate.jpa.boot.internal.EntityManagerFactoryBuilderImpl.build(EntityManagerFactoryBuilderImpl.java:1259) [hibernate-core-5.4.27.Final.jar:5.4.27.Final]
	at org.springframework.orm.jpa.vendor.SpringHibernateJpaPersistenceProvider.createContainerEntityManagerFactory(SpringHibernateJpaPersistenceProvider.java:58) [spring-orm-5.2.12.RELEASE.jar:5.2.12.RELEASE]
	at org.springframework.orm.jpa.LocalContainerEntityManagerFactoryBean.createNativeEntityManagerFactory(LocalContainerEntityManagerFactoryBean.java:365) [spring-orm-5.2.12.RELEASE.jar:5.2.12.RELEASE]
	at org.springframework.orm.jpa.AbstractEntityManagerFactoryBean.buildNativeEntityManagerFactory(AbstractEntityManagerFactoryBean.java:391) [spring-orm-5.2.12.RELEASE.jar:5.2.12.RELEASE]
	at org.springframework.orm.jpa.AbstractEntityManagerFactoryBean.afterPropertiesSet(AbstractEntityManagerFactoryBean.java:378) [spring-orm-5.2.12.RELEASE.jar:5.2.12.RELEASE]
	at org.springframework.orm.jpa.LocalContainerEntityManagerFactoryBean.afterPropertiesSet(LocalContainerEntityManagerFactoryBean.java:341) [spring-orm-5.2.12.RELEASE.jar:5.2.12.RELEASE]
	at org.springframework.beans.factory.support.AbstractAutowireCapableBeanFactory.invokeInitMethods(AbstractAutowireCapableBeanFactory.java:1853) [spring-beans-5.2.12.RELEASE.jar:5.2.12.RELEASE]
	at org.springframework.beans.factory.support.AbstractAutowireCapableBeanFactory.initializeBean(AbstractAutowireCapableBeanFactory.java:1790) [spring-beans-5.2.12.RELEASE.jar:5.2.12.RELEASE]
	at org.springframework.beans.factory.support.AbstractAutowireCapableBeanFactory.doCreateBean(AbstractAutowireCapableBeanFactory.java:594) [spring-beans-5.2.12.RELEASE.jar:5.2.12.RELEASE]
	at org.springframework.beans.factory.support.AbstractAutowireCapableBeanFactory.createBean(AbstractAutowireCapableBeanFactory.java:516) [spring-beans-5.2.12.RELEASE.jar:5.2.12.RELEASE]
	at org.springframework.beans.factory.support.AbstractBeanFactory.lambda$doGetBean$0(AbstractBeanFactory.java:324) [spring-beans-5.2.12.RELEASE.jar:5.2.12.RELEASE]
	at org.springframework.beans.factory.support.DefaultSingletonBeanRegistry.getSingleton(DefaultSingletonBeanRegistry.java:234) ~[spring-beans-5.2.12.RELEASE.jar:5.2.12.RELEASE]
	at org.springframework.beans.factory.support.AbstractBeanFactory.doGetBean(AbstractBeanFactory.java:322) [spring-beans-5.2.12.RELEASE.jar:5.2.12.RELEASE]
	at org.springframework.beans.factory.support.AbstractBeanFactory.getBean(AbstractBeanFactory.java:202) [spring-beans-5.2.12.RELEASE.jar:5.2.12.RELEASE]
	at org.springframework.context.support.AbstractApplicationContext.getBean(AbstractApplicationContext.java:1109) ~[spring-context-5.2.12.RELEASE.jar:5.2.12.RELEASE]
	at org.springframework.context.support.AbstractApplicationContext.finishBeanFactoryInitialization(AbstractApplicationContext.java:869) ~[spring-context-5.2.12.RELEASE.jar:5.2.12.RELEASE]
	at org.springframework.context.support.AbstractApplicationContext.refresh(AbstractApplicationContext.java:551) ~[spring-context-5.2.12.RELEASE.jar:5.2.12.RELEASE]
	at org.springframework.boot.web.servlet.context.ServletWebServerApplicationContext.refresh(ServletWebServerApplicationContext.java:143) ~[spring-boot-2.3.8.RELEASE.jar:2.3.8.RELEASE]
	at org.springframework.boot.SpringApplication.refresh(SpringApplication.java:758) ~[spring-boot-2.3.8.RELEASE.jar:2.3.8.RELEASE]
	at org.springframework.boot.SpringApplication.refresh(SpringApplication.java:750) ~[spring-boot-2.3.8.RELEASE.jar:2.3.8.RELEASE]
	at org.springframework.boot.SpringApplication.refreshContext(SpringApplication.java:405) ~[spring-boot-2.3.8.RELEASE.jar:2.3.8.RELEASE]
	at org.springframework.boot.SpringApplication.run(SpringApplication.java:315) ~[spring-boot-2.3.8.RELEASE.jar:2.3.8.RELEASE]
	at org.springframework.boot.SpringApplication.run(SpringApplication.java:1237) ~[spring-boot-2.3.8.RELEASE.jar:2.3.8.RELEASE]
	at org.springframework.boot.SpringApplication.run(SpringApplication.java:1226) ~[spring-boot-2.3.8.RELEASE.jar:2.3.8.RELEASE]
	at io.gourmand.GourmandApplication.main(GourmandApplication.java:10) ~[classes/:na]
	at sun.reflect.NativeMethodAccessorImpl.invoke0(Native Method) ~[na:1.8.0_201]
	at sun.reflect.NativeMethodAccessorImpl.invoke(NativeMethodAccessorImpl.java:62) ~[na:1.8.0_201]
	at sun.reflect.DelegatingMethodAccessorImpl.invoke(DelegatingMethodAccessorImpl.java:43) ~[na:1.8.0_201]
	at java.lang.reflect.Method.invoke(Method.java:498) ~[na:1.8.0_201]
	at org.springframework.boot.devtools.restart.RestartLauncher.run(RestartLauncher.java:49) ~[spring-boot-devtools-2.3.8.RELEASE.jar:2.3.8.RELEASE]
Caused by: java.sql.SQLSyntaxErrorException: Can't DROP 'FK1rj9t0d9eywkaqbe3dtn0qf3f'; check that column/key exists
	at com.mysql.cj.jdbc.exceptions.SQLError.createSQLException(SQLError.java:120) ~[mysql-connector-java-8.0.22.jar:8.0.22]
	at com.mysql.cj.jdbc.exceptions.SQLError.createSQLException(SQLError.java:97) ~[mysql-connector-java-8.0.22.jar:8.0.22]
	at com.mysql.cj.jdbc.exceptions.SQLExceptionsMapping.translateException(SQLExceptionsMapping.java:122) ~[mysql-connector-java-8.0.22.jar:8.0.22]
	at com.mysql.cj.jdbc.StatementImpl.executeInternal(StatementImpl.java:764) ~[mysql-connector-java-8.0.22.jar:8.0.22]
	at com.mysql.cj.jdbc.StatementImpl.execute(StatementImpl.java:648) ~[mysql-connector-java-8.0.22.jar:8.0.22]
	at com.zaxxer.hikari.pool.ProxyStatement.execute(ProxyStatement.java:95) ~[HikariCP-3.4.5.jar:na]
	at com.zaxxer.hikari.pool.HikariProxyStatement.execute(HikariProxyStatement.java) ~[HikariCP-3.4.5.jar:na]
	at org.hibernate.tool.schema.internal.exec.GenerationTargetToDatabase.accept(GenerationTargetToDatabase.java:54) ~[hibernate-core-5.4.27.Final.jar:5.4.27.Final]
	... 41 common frames omitted

2021-02-19 09:55:17.197  INFO 14828 --- [restartedMain] o.h.e.t.j.p.i.JtaPlatformInitiator       : HHH000490: Using JtaPlatform implementation: [org.hibernate.engine.transaction.jta.platform.internal.NoJtaPlatform]
2021-02-19 09:55:17.198  INFO 14828 --- [restartedMain] j.LocalContainerEntityManagerFactoryBean : Initialized JPA EntityManagerFactory for persistence unit 'default'
2021-02-19 09:55:17.208  INFO 14828 --- [restartedMain] o.s.b.d.a.OptionalLiveReloadServer       : LiveReload server is running on port 35729
2021-02-19 09:55:18.443  WARN 14828 --- [restartedMain] JpaBaseConfiguration$JpaWebConfiguration : spring.jpa.open-in-view is enabled by default. Therefore, database queries may be performed during view rendering. Explicitly configure spring.jpa.open-in-view to disable this warning
2021-02-19 09:55:18.601  INFO 14828 --- [restartedMain] o.s.s.concurrent.ThreadPoolTaskExecutor  : Initializing ExecutorService 'applicationTaskExecutor'
2021-02-19 09:55:19.269  INFO 14828 --- [restartedMain] o.s.b.w.embedded.tomcat.TomcatWebServer  : Tomcat started on port(s): 80 (http) with context path ''
2021-02-19 09:55:19.279  INFO 14828 --- [restartedMain] io.gourmand.GourmandApplication          : Started GourmandApplication in 12.215 seconds (JVM running for 65707.236)
2021-02-19 09:55:19.282  INFO 14828 --- [restartedMain] .ConditionEvaluationDeltaLoggingListener : Condition evaluation unchanged
2021-02-19 09:55:24.311  INFO 14828 --- [Thread-16] o.s.s.concurrent.ThreadPoolTaskExecutor  : Shutting down ExecutorService 'applicationTaskExecutor'
2021-02-19 09:55:24.313  INFO 14828 --- [Thread-16] j.LocalContainerEntityManagerFactoryBean : Closing JPA EntityManagerFactory for persistence unit 'default'
2021-02-19 09:55:24.314  INFO 14828 --- [Thread-16] com.zaxxer.hikari.HikariDataSource       : HikariPool-2 - Shutdown initiated...
2021-02-19 09:55:24.328  INFO 14828 --- [Thread-16] com.zaxxer.hikari.HikariDataSource       : HikariPool-2 - Shutdown completed.
2021-02-19 09:55:24.731  INFO 14828 --- [restartedMain] io.gourmand.GourmandApplication          : Starting GourmandApplication on DESKTOP-17JPC4P with PID 14828 (C:\ITStudy\GitHub\Gourmand_SpringBoot_Project\target\classes started by Playdata in C:\ITStudy\GitHub\Gourmand_SpringBoot_Project)
2021-02-19 09:55:24.732  INFO 14828 --- [restartedMain] io.gourmand.GourmandApplication          : No active profile set, falling back to default profiles: default
2021-02-19 09:55:25.946  INFO 14828 --- [restartedMain] .s.d.r.c.RepositoryConfigurationDelegate : Bootstrapping Spring Data JPA repositories in DEFAULT mode.
2021-02-19 09:55:26.467  INFO 14828 --- [restartedMain] .s.d.r.c.RepositoryConfigurationDelegate : Finished Spring Data repository scanning in 520ms. Found 13 JPA repository interfaces.
2021-02-19 09:55:26.716  INFO 14828 --- [restartedMain] o.s.b.w.embedded.tomcat.TomcatWebServer  : Tomcat initialized with port(s): 80 (http)
2021-02-19 09:55:26.733  INFO 14828 --- [restartedMain] o.apache.catalina.core.StandardService   : Starting service [Tomcat]
2021-02-19 09:55:26.736  INFO 14828 --- [restartedMain] org.apache.catalina.core.StandardEngine  : Starting Servlet engine: [Apache Tomcat/9.0.41]
2021-02-19 09:55:26.760  INFO 14828 --- [restartedMain] o.a.c.c.C.[Tomcat].[localhost].[/]       : Initializing Spring embedded WebApplicationContext
2021-02-19 09:55:26.761  INFO 14828 --- [restartedMain] w.s.c.ServletWebServerApplicationContext : Root WebApplicationContext: initialization completed in 1966 ms
2021-02-19 09:55:26.977  INFO 14828 --- [restartedMain] o.hibernate.jpa.internal.util.LogHelper  : HHH000204: Processing PersistenceUnitInfo [name: default]
2021-02-19 09:55:27.006  INFO 14828 --- [restartedMain] com.zaxxer.hikari.HikariDataSource       : HikariPool-3 - Starting...
2021-02-19 09:55:27.013  INFO 14828 --- [restartedMain] com.zaxxer.hikari.HikariDataSource       : HikariPool-3 - Start completed.
2021-02-19 09:55:27.015  INFO 14828 --- [restartedMain] org.hibernate.dialect.Dialect            : HHH000400: Using dialect: org.hibernate.dialect.MySQL5InnoDBDialect
2021-02-19 09:55:27.300  INFO 14828 --- [restartedMain] o.h.e.t.j.p.i.JtaPlatformInitiator       : HHH000490: Using JtaPlatform implementation: [org.hibernate.engine.transaction.jta.platform.internal.NoJtaPlatform]
2021-02-19 09:55:27.301  INFO 14828 --- [restartedMain] j.LocalContainerEntityManagerFactoryBean : Initialized JPA EntityManagerFactory for persistence unit 'default'
2021-02-19 09:55:27.905  WARN 14828 --- [restartedMain] JpaBaseConfiguration$JpaWebConfiguration : spring.jpa.open-in-view is enabled by default. Therefore, database queries may be performed during view rendering. Explicitly configure spring.jpa.open-in-view to disable this warning
2021-02-19 09:55:28.001  INFO 14828 --- [restartedMain] o.s.s.concurrent.ThreadPoolTaskExecutor  : Initializing ExecutorService 'applicationTaskExecutor'
2021-02-19 09:55:28.558  INFO 14828 --- [restartedMain] o.s.b.d.a.OptionalLiveReloadServer       : LiveReload server is running on port 35729
2021-02-19 09:55:28.601  INFO 14828 --- [restartedMain] o.s.b.w.embedded.tomcat.TomcatWebServer  : Tomcat started on port(s): 80 (http) with context path ''
2021-02-19 09:55:28.610  INFO 14828 --- [restartedMain] io.gourmand.GourmandApplication          : Started GourmandApplication in 3.969 seconds (JVM running for 65716.566)
2021-02-19 09:55:28.612  INFO 14828 --- [restartedMain] .ConditionEvaluationDeltaLoggingListener : Condition evaluation unchanged
2021-02-19 09:55:32.621  INFO 14828 --- [Thread-23] o.s.s.concurrent.ThreadPoolTaskExecutor  : Shutting down ExecutorService 'applicationTaskExecutor'
2021-02-19 09:55:32.623  INFO 14828 --- [Thread-23] j.LocalContainerEntityManagerFactoryBean : Closing JPA EntityManagerFactory for persistence unit 'default'
2021-02-19 09:55:32.624  INFO 14828 --- [Thread-23] com.zaxxer.hikari.HikariDataSource       : HikariPool-3 - Shutdown initiated...
2021-02-19 09:55:32.631  INFO 14828 --- [Thread-23] com.zaxxer.hikari.HikariDataSource       : HikariPool-3 - Shutdown completed.
2021-02-19 09:55:32.897  INFO 14828 --- [restartedMain] io.gourmand.GourmandApplication          : Starting GourmandApplication on DESKTOP-17JPC4P with PID 14828 (C:\ITStudy\GitHub\Gourmand_SpringBoot_Project\target\classes started by Playdata in C:\ITStudy\GitHub\Gourmand_SpringBoot_Project)
2021-02-19 09:55:32.898  INFO 14828 --- [restartedMain] io.gourmand.GourmandApplication          : No active profile set, falling back to default profiles: default
2021-02-19 09:55:33.162  INFO 14828 --- [restartedMain] .s.d.r.c.RepositoryConfigurationDelegate : Bootstrapping Spring Data JPA repositories in DEFAULT mode.
2021-02-19 09:55:33.225  INFO 14828 --- [restartedMain] .s.d.r.c.RepositoryConfigurationDelegate : Finished Spring Data repository scanning in 62ms. Found 13 JPA repository interfaces.
2021-02-19 09:55:33.363  INFO 14828 --- [restartedMain] o.s.b.w.embedded.tomcat.TomcatWebServer  : Tomcat initialized with port(s): 80 (http)
2021-02-19 09:55:33.364  INFO 14828 --- [restartedMain] o.apache.catalina.core.StandardService   : Starting service [Tomcat]
2021-02-19 09:55:33.364  INFO 14828 --- [restartedMain] org.apache.catalina.core.StandardEngine  : Starting Servlet engine: [Apache Tomcat/9.0.41]
2021-02-19 09:55:33.380  INFO 14828 --- [restartedMain] o.a.c.c.C.[Tomcat].[localhost].[/]       : Initializing Spring embedded WebApplicationContext
2021-02-19 09:55:33.381  INFO 14828 --- [restartedMain] w.s.c.ServletWebServerApplicationContext : Root WebApplicationContext: initialization completed in 479 ms
2021-02-19 09:55:33.457  INFO 14828 --- [restartedMain] o.hibernate.jpa.internal.util.LogHelper  : HHH000204: Processing PersistenceUnitInfo [name: default]
2021-02-19 09:55:33.463  INFO 14828 --- [restartedMain] com.zaxxer.hikari.HikariDataSource       : HikariPool-4 - Starting...
2021-02-19 09:55:33.467  INFO 14828 --- [restartedMain] com.zaxxer.hikari.HikariDataSource       : HikariPool-4 - Start completed.
2021-02-19 09:55:33.467  INFO 14828 --- [restartedMain] org.hibernate.dialect.Dialect            : HHH000400: Using dialect: org.hibernate.dialect.MySQL5InnoDBDialect
2021-02-19 09:55:33.671  INFO 14828 --- [restartedMain] o.h.e.t.j.p.i.JtaPlatformInitiator       : HHH000490: Using JtaPlatform implementation: [org.hibernate.engine.transaction.jta.platform.internal.NoJtaPlatform]
2021-02-19 09:55:33.672  INFO 14828 --- [restartedMain] j.LocalContainerEntityManagerFactoryBean : Initialized JPA EntityManagerFactory for persistence unit 'default'
2021-02-19 09:55:34.489  WARN 14828 --- [restartedMain] JpaBaseConfiguration$JpaWebConfiguration : spring.jpa.open-in-view is enabled by default. Therefore, database queries may be performed during view rendering. Explicitly configure spring.jpa.open-in-view to disable this warning
2021-02-19 09:55:34.536  INFO 14828 --- [restartedMain] o.s.s.concurrent.ThreadPoolTaskExecutor  : Initializing ExecutorService 'applicationTaskExecutor'
2021-02-19 09:55:34.666  INFO 14828 --- [restartedMain] o.s.b.d.a.OptionalLiveReloadServer       : LiveReload server is running on port 35729
2021-02-19 09:55:34.680  INFO 14828 --- [restartedMain] o.s.b.w.embedded.tomcat.TomcatWebServer  : Tomcat started on port(s): 80 (http) with context path ''
2021-02-19 09:55:34.689  INFO 14828 --- [restartedMain] io.gourmand.GourmandApplication          : Started GourmandApplication in 1.845 seconds (JVM running for 65722.646)
2021-02-19 09:55:34.691  INFO 14828 --- [restartedMain] .ConditionEvaluationDeltaLoggingListener : Condition evaluation unchanged
2021-02-19 09:55:37.665  INFO 14828 --- [Thread-30] o.s.s.concurrent.ThreadPoolTaskExecutor  : Shutting down ExecutorService 'applicationTaskExecutor'
2021-02-19 09:55:37.676  INFO 14828 --- [Thread-30] j.LocalContainerEntityManagerFactoryBean : Closing JPA EntityManagerFactory for persistence unit 'default'
2021-02-19 09:55:37.678  INFO 14828 --- [Thread-30] com.zaxxer.hikari.HikariDataSource       : HikariPool-4 - Shutdown initiated...
2021-02-19 09:55:37.682  INFO 14828 --- [Thread-30] com.zaxxer.hikari.HikariDataSource       : HikariPool-4 - Shutdown completed.
2021-02-19 09:55:37.937  INFO 14828 --- [restartedMain] io.gourmand.GourmandApplication          : Starting GourmandApplication on DESKTOP-17JPC4P with PID 14828 (C:\ITStudy\GitHub\Gourmand_SpringBoot_Project\target\classes started by Playdata in C:\ITStudy\GitHub\Gourmand_SpringBoot_Project)
2021-02-19 09:55:37.938  INFO 14828 --- [restartedMain] io.gourmand.GourmandApplication          : No active profile set, falling back to default profiles: default
2021-02-19 09:55:38.330  INFO 14828 --- [restartedMain] .s.d.r.c.RepositoryConfigurationDelegate : Bootstrapping Spring Data JPA repositories in DEFAULT mode.
2021-02-19 09:55:38.384  INFO 14828 --- [restartedMain] .s.d.r.c.RepositoryConfigurationDelegate : Finished Spring Data repository scanning in 54ms. Found 13 JPA repository interfaces.
2021-02-19 09:55:38.497  INFO 14828 --- [restartedMain] o.s.b.w.embedded.tomcat.TomcatWebServer  : Tomcat initialized with port(s): 80 (http)
2021-02-19 09:55:38.498  INFO 14828 --- [restartedMain] o.apache.catalina.core.StandardService   : Starting service [Tomcat]
2021-02-19 09:55:38.499  INFO 14828 --- [restartedMain] org.apache.catalina.core.StandardEngine  : Starting Servlet engine: [Apache Tomcat/9.0.41]
2021-02-19 09:55:38.515  INFO 14828 --- [restartedMain] o.a.c.c.C.[Tomcat].[localhost].[/]       : Initializing Spring embedded WebApplicationContext
2021-02-19 09:55:38.515  INFO 14828 --- [restartedMain] w.s.c.ServletWebServerApplicationContext : Root WebApplicationContext: initialization completed in 574 ms
2021-02-19 09:55:38.565  INFO 14828 --- [restartedMain] o.hibernate.jpa.internal.util.LogHelper  : HHH000204: Processing PersistenceUnitInfo [name: default]
2021-02-19 09:55:38.572  INFO 14828 --- [restartedMain] com.zaxxer.hikari.HikariDataSource       : HikariPool-5 - Starting...
2021-02-19 09:55:38.575  INFO 14828 --- [restartedMain] com.zaxxer.hikari.HikariDataSource       : HikariPool-5 - Start completed.
2021-02-19 09:55:38.575  INFO 14828 --- [restartedMain] org.hibernate.dialect.Dialect            : HHH000400: Using dialect: org.hibernate.dialect.MySQL5InnoDBDialect
2021-02-19 09:55:38.751  INFO 14828 --- [restartedMain] o.h.e.t.j.p.i.JtaPlatformInitiator       : HHH000490: Using JtaPlatform implementation: [org.hibernate.engine.transaction.jta.platform.internal.NoJtaPlatform]
2021-02-19 09:55:38.752  INFO 14828 --- [restartedMain] j.LocalContainerEntityManagerFactoryBean : Initialized JPA EntityManagerFactory for persistence unit 'default'
2021-02-19 09:55:39.062  WARN 14828 --- [restartedMain] JpaBaseConfiguration$JpaWebConfiguration : spring.jpa.open-in-view is enabled by default. Therefore, database queries may be performed during view rendering. Explicitly configure spring.jpa.open-in-view to disable this warning
2021-02-19 09:55:39.098  INFO 14828 --- [restartedMain] o.s.s.concurrent.ThreadPoolTaskExecutor  : Initializing ExecutorService 'applicationTaskExecutor'
2021-02-19 09:55:39.222  INFO 14828 --- [restartedMain] o.s.b.d.a.OptionalLiveReloadServer       : LiveReload server is running on port 35729
2021-02-19 09:55:39.232  INFO 14828 --- [restartedMain] o.s.b.w.embedded.tomcat.TomcatWebServer  : Tomcat started on port(s): 80 (http) with context path ''
2021-02-19 09:55:39.243  INFO 14828 --- [restartedMain] io.gourmand.GourmandApplication          : Started GourmandApplication in 1.403 seconds (JVM running for 65727.2)
2021-02-19 09:55:39.246  INFO 14828 --- [restartedMain] .ConditionEvaluationDeltaLoggingListener : Condition evaluation unchanged
2021-02-19 09:55:40.926  INFO 14828 --- [Thread-37] o.s.s.concurrent.ThreadPoolTaskExecutor  : Shutting down ExecutorService 'applicationTaskExecutor'
2021-02-19 09:55:40.928  INFO 14828 --- [Thread-37] j.LocalContainerEntityManagerFactoryBean : Closing JPA EntityManagerFactory for persistence unit 'default'
2021-02-19 09:55:40.930  INFO 14828 --- [Thread-37] com.zaxxer.hikari.HikariDataSource       : HikariPool-5 - Shutdown initiated...
2021-02-19 09:55:40.937  INFO 14828 --- [Thread-37] com.zaxxer.hikari.HikariDataSource       : HikariPool-5 - Shutdown completed.
2021-02-19 09:55:41.161  INFO 14828 --- [restartedMain] io.gourmand.GourmandApplication          : Starting GourmandApplication on DESKTOP-17JPC4P with PID 14828 (C:\ITStudy\GitHub\Gourmand_SpringBoot_Project\target\classes started by Playdata in C:\ITStudy\GitHub\Gourmand_SpringBoot_Project)
2021-02-19 09:55:41.161  INFO 14828 --- [restartedMain] io.gourmand.GourmandApplication          : No active profile set, falling back to default profiles: default
2021-02-19 09:55:41.577  INFO 14828 --- [restartedMain] .s.d.r.c.RepositoryConfigurationDelegate : Bootstrapping Spring Data JPA repositories in DEFAULT mode.
2021-02-19 09:55:41.670  INFO 14828 --- [restartedMain] .s.d.r.c.RepositoryConfigurationDelegate : Finished Spring Data repository scanning in 91ms. Found 13 JPA repository interfaces.
2021-02-19 09:55:41.912  INFO 14828 --- [restartedMain] o.s.b.w.embedded.tomcat.TomcatWebServer  : Tomcat initialized with port(s): 80 (http)
2021-02-19 09:55:41.914  INFO 14828 --- [restartedMain] o.apache.catalina.core.StandardService   : Starting service [Tomcat]
2021-02-19 09:55:41.914  INFO 14828 --- [restartedMain] org.apache.catalina.core.StandardEngine  : Starting Servlet engine: [Apache Tomcat/9.0.41]
2021-02-19 09:55:41.943  INFO 14828 --- [restartedMain] o.a.c.c.C.[Tomcat].[localhost].[/]       : Initializing Spring embedded WebApplicationContext
2021-02-19 09:55:41.943  INFO 14828 --- [restartedMain] w.s.c.ServletWebServerApplicationContext : Root WebApplicationContext: initialization completed in 776 ms
2021-02-19 09:55:42.068  INFO 14828 --- [restartedMain] o.hibernate.jpa.internal.util.LogHelper  : HHH000204: Processing PersistenceUnitInfo [name: default]
2021-02-19 09:55:42.076  INFO 14828 --- [restartedMain] com.zaxxer.hikari.HikariDataSource       : HikariPool-6 - Starting...
2021-02-19 09:55:42.080  INFO 14828 --- [restartedMain] com.zaxxer.hikari.HikariDataSource       : HikariPool-6 - Start completed.
2021-02-19 09:55:42.081  INFO 14828 --- [restartedMain] org.hibernate.dialect.Dialect            : HHH000400: Using dialect: org.hibernate.dialect.MySQL5InnoDBDialect
2021-02-19 09:55:42.284  INFO 14828 --- [restartedMain] o.h.e.t.j.p.i.JtaPlatformInitiator       : HHH000490: Using JtaPlatform implementation: [org.hibernate.engine.transaction.jta.platform.internal.NoJtaPlatform]
2021-02-19 09:55:42.284  INFO 14828 --- [restartedMain] j.LocalContainerEntityManagerFactoryBean : Initialized JPA EntityManagerFactory for persistence unit 'default'
2021-02-19 09:55:42.661  WARN 14828 --- [restartedMain] JpaBaseConfiguration$JpaWebConfiguration : spring.jpa.open-in-view is enabled by default. Therefore, database queries may be performed during view rendering. Explicitly configure spring.jpa.open-in-view to disable this warning
2021-02-19 09:55:42.719  INFO 14828 --- [restartedMain] o.s.s.concurrent.ThreadPoolTaskExecutor  : Initializing ExecutorService 'applicationTaskExecutor'
2021-02-19 09:55:42.838  INFO 14828 --- [restartedMain] o.s.b.d.a.OptionalLiveReloadServer       : LiveReload server is running on port 35729
2021-02-19 09:55:42.859  INFO 14828 --- [restartedMain] o.s.b.w.embedded.tomcat.TomcatWebServer  : Tomcat started on port(s): 80 (http) with context path ''
2021-02-19 09:55:42.892  INFO 14828 --- [restartedMain] io.gourmand.GourmandApplication          : Started GourmandApplication in 1.779 seconds (JVM running for 65730.848)
2021-02-19 09:55:42.894  INFO 14828 --- [restartedMain] .ConditionEvaluationDeltaLoggingListener : Condition evaluation unchanged
2021-02-19 09:55:44.650  INFO 14828 --- [Thread-44] o.s.s.concurrent.ThreadPoolTaskExecutor  : Shutting down ExecutorService 'applicationTaskExecutor'
2021-02-19 09:55:44.652  INFO 14828 --- [Thread-44] j.LocalContainerEntityManagerFactoryBean : Closing JPA EntityManagerFactory for persistence unit 'default'
2021-02-19 09:55:44.653  INFO 14828 --- [Thread-44] com.zaxxer.hikari.HikariDataSource       : HikariPool-6 - Shutdown initiated...
2021-02-19 09:55:44.657  INFO 14828 --- [Thread-44] com.zaxxer.hikari.HikariDataSource       : HikariPool-6 - Shutdown completed.
2021-02-19 09:55:44.858  INFO 14828 --- [restartedMain] io.gourmand.GourmandApplication          : Starting GourmandApplication on DESKTOP-17JPC4P with PID 14828 (C:\ITStudy\GitHub\Gourmand_SpringBoot_Project\target\classes started by Playdata in C:\ITStudy\GitHub\Gourmand_SpringBoot_Project)
2021-02-19 09:55:44.859  INFO 14828 --- [restartedMain] io.gourmand.GourmandApplication          : No active profile set, falling back to default profiles: default
2021-02-19 09:55:45.127  INFO 14828 --- [restartedMain] .s.d.r.c.RepositoryConfigurationDelegate : Bootstrapping Spring Data JPA repositories in DEFAULT mode.
2021-02-19 09:55:45.185  INFO 14828 --- [restartedMain] .s.d.r.c.RepositoryConfigurationDelegate : Finished Spring Data repository scanning in 57ms. Found 13 JPA repository interfaces.
2021-02-19 09:55:45.294  INFO 14828 --- [restartedMain] o.s.b.w.embedded.tomcat.TomcatWebServer  : Tomcat initialized with port(s): 80 (http)
2021-02-19 09:55:45.294  INFO 14828 --- [restartedMain] o.apache.catalina.core.StandardService   : Starting service [Tomcat]
2021-02-19 09:55:45.295  INFO 14828 --- [restartedMain] org.apache.catalina.core.StandardEngine  : Starting Servlet engine: [Apache Tomcat/9.0.41]
2021-02-19 09:55:45.309  INFO 14828 --- [restartedMain] o.a.c.c.C.[Tomcat].[localhost].[/]       : Initializing Spring embedded WebApplicationContext
2021-02-19 09:55:45.309  INFO 14828 --- [restartedMain] w.s.c.ServletWebServerApplicationContext : Root WebApplicationContext: initialization completed in 445 ms
2021-02-19 09:55:45.391  INFO 14828 --- [restartedMain] o.hibernate.jpa.internal.util.LogHelper  : HHH000204: Processing PersistenceUnitInfo [name: default]
2021-02-19 09:55:45.396  INFO 14828 --- [restartedMain] com.zaxxer.hikari.HikariDataSource       : HikariPool-7 - Starting...
2021-02-19 09:55:45.399  INFO 14828 --- [restartedMain] com.zaxxer.hikari.HikariDataSource       : HikariPool-7 - Start completed.
2021-02-19 09:55:45.400  INFO 14828 --- [restartedMain] org.hibernate.dialect.Dialect            : HHH000400: Using dialect: org.hibernate.dialect.MySQL5InnoDBDialect
2021-02-19 09:55:45.548  INFO 14828 --- [restartedMain] o.h.e.t.j.p.i.JtaPlatformInitiator       : HHH000490: Using JtaPlatform implementation: [org.hibernate.engine.transaction.jta.platform.internal.NoJtaPlatform]
2021-02-19 09:55:45.549  INFO 14828 --- [restartedMain] j.LocalContainerEntityManagerFactoryBean : Initialized JPA EntityManagerFactory for persistence unit 'default'
2021-02-19 09:55:45.866  WARN 14828 --- [restartedMain] JpaBaseConfiguration$JpaWebConfiguration : spring.jpa.open-in-view is enabled by default. Therefore, database queries may be performed during view rendering. Explicitly configure spring.jpa.open-in-view to disable this warning
2021-02-19 09:55:45.901  INFO 14828 --- [restartedMain] o.s.s.concurrent.ThreadPoolTaskExecutor  : Initializing ExecutorService 'applicationTaskExecutor'
2021-02-19 09:55:46.018  INFO 14828 --- [restartedMain] o.s.b.d.a.OptionalLiveReloadServer       : LiveReload server is running on port 35729
2021-02-19 09:55:46.026  INFO 14828 --- [restartedMain] o.s.b.w.embedded.tomcat.TomcatWebServer  : Tomcat started on port(s): 80 (http) with context path ''
2021-02-19 09:55:46.044  INFO 14828 --- [restartedMain] io.gourmand.GourmandApplication          : Started GourmandApplication in 1.224 seconds (JVM running for 65734.001)
2021-02-19 09:55:46.045  INFO 14828 --- [restartedMain] .ConditionEvaluationDeltaLoggingListener : Condition evaluation unchanged
2021-02-19 09:56:22.693  INFO 14828 --- [Thread-51] o.s.s.concurrent.ThreadPoolTaskExecutor  : Shutting down ExecutorService 'applicationTaskExecutor'
2021-02-19 09:56:22.695  INFO 14828 --- [Thread-51] j.LocalContainerEntityManagerFactoryBean : Closing JPA EntityManagerFactory for persistence unit 'default'
2021-02-19 09:56:22.696  INFO 14828 --- [Thread-51] com.zaxxer.hikari.HikariDataSource       : HikariPool-7 - Shutdown initiated...
2021-02-19 09:56:22.698  INFO 14828 --- [Thread-51] com.zaxxer.hikari.HikariDataSource       : HikariPool-7 - Shutdown completed.
2021-02-19 09:56:22.947  INFO 14828 --- [restartedMain] io.gourmand.GourmandApplication          : Starting GourmandApplication on DESKTOP-17JPC4P with PID 14828 (C:\ITStudy\GitHub\Gourmand_SpringBoot_Project\target\classes started by Playdata in C:\ITStudy\GitHub\Gourmand_SpringBoot_Project)
2021-02-19 09:56:22.947  INFO 14828 --- [restartedMain] io.gourmand.GourmandApplication          : No active profile set, falling back to default profiles: default
2021-02-19 09:56:23.232  INFO 14828 --- [restartedMain] .s.d.r.c.RepositoryConfigurationDelegate : Bootstrapping Spring Data JPA repositories in DEFAULT mode.
2021-02-19 09:56:23.324  INFO 14828 --- [restartedMain] .s.d.r.c.RepositoryConfigurationDelegate : Finished Spring Data repository scanning in 90ms. Found 13 JPA repository interfaces.
2021-02-19 09:56:23.472  INFO 14828 --- [restartedMain] o.s.b.w.embedded.tomcat.TomcatWebServer  : Tomcat initialized with port(s): 80 (http)
2021-02-19 09:56:23.473  INFO 14828 --- [restartedMain] o.apache.catalina.core.StandardService   : Starting service [Tomcat]
2021-02-19 09:56:23.473  INFO 14828 --- [restartedMain] org.apache.catalina.core.StandardEngine  : Starting Servlet engine: [Apache Tomcat/9.0.41]
2021-02-19 09:56:23.491  INFO 14828 --- [restartedMain] o.a.c.c.C.[Tomcat].[localhost].[/]       : Initializing Spring embedded WebApplicationContext
2021-02-19 09:56:23.491  INFO 14828 --- [restartedMain] w.s.c.ServletWebServerApplicationContext : Root WebApplicationContext: initialization completed in 541 ms
2021-02-19 09:56:23.560  INFO 14828 --- [restartedMain] o.hibernate.jpa.internal.util.LogHelper  : HHH000204: Processing PersistenceUnitInfo [name: default]
2021-02-19 09:56:23.567  INFO 14828 --- [restartedMain] com.zaxxer.hikari.HikariDataSource       : HikariPool-8 - Starting...
2021-02-19 09:56:23.571  INFO 14828 --- [restartedMain] com.zaxxer.hikari.HikariDataSource       : HikariPool-8 - Start completed.
2021-02-19 09:56:23.571  INFO 14828 --- [restartedMain] org.hibernate.dialect.Dialect            : HHH000400: Using dialect: org.hibernate.dialect.MySQL5InnoDBDialect
2021-02-19 09:56:23.801  INFO 14828 --- [restartedMain] o.h.e.t.j.p.i.JtaPlatformInitiator       : HHH000490: Using JtaPlatform implementation: [org.hibernate.engine.transaction.jta.platform.internal.NoJtaPlatform]
2021-02-19 09:56:23.802  INFO 14828 --- [restartedMain] j.LocalContainerEntityManagerFactoryBean : Initialized JPA EntityManagerFactory for persistence unit 'default'
2021-02-19 09:56:24.166  WARN 14828 --- [restartedMain] JpaBaseConfiguration$JpaWebConfiguration : spring.jpa.open-in-view is enabled by default. Therefore, database queries may be performed during view rendering. Explicitly configure spring.jpa.open-in-view to disable this warning
2021-02-19 09:56:24.226  INFO 14828 --- [restartedMain] o.s.s.concurrent.ThreadPoolTaskExecutor  : Initializing ExecutorService 'applicationTaskExecutor'
2021-02-19 09:56:24.358  INFO 14828 --- [restartedMain] o.s.b.d.a.OptionalLiveReloadServer       : LiveReload server is running on port 35729
2021-02-19 09:56:24.372  INFO 14828 --- [restartedMain] o.s.b.w.embedded.tomcat.TomcatWebServer  : Tomcat started on port(s): 80 (http) with context path ''
2021-02-19 09:56:24.384  INFO 14828 --- [restartedMain] io.gourmand.GourmandApplication          : Started GourmandApplication in 1.481 seconds (JVM running for 65772.341)
2021-02-19 09:56:24.388  INFO 14828 --- [restartedMain] .ConditionEvaluationDeltaLoggingListener : Condition evaluation unchanged
2021-02-19 09:56:27.066  INFO 14828 --- [Thread-58] o.s.s.concurrent.ThreadPoolTaskExecutor  : Shutting down ExecutorService 'applicationTaskExecutor'
2021-02-19 09:56:27.069  INFO 14828 --- [Thread-58] j.LocalContainerEntityManagerFactoryBean : Closing JPA EntityManagerFactory for persistence unit 'default'
2021-02-19 09:56:27.070  INFO 14828 --- [Thread-58] com.zaxxer.hikari.HikariDataSource       : HikariPool-8 - Shutdown initiated...
2021-02-19 09:56:27.075  INFO 14828 --- [Thread-58] com.zaxxer.hikari.HikariDataSource       : HikariPool-8 - Shutdown completed.
2021-02-19 09:56:27.331  INFO 14828 --- [restartedMain] io.gourmand.GourmandApplication          : Starting GourmandApplication on DESKTOP-17JPC4P with PID 14828 (C:\ITStudy\GitHub\Gourmand_SpringBoot_Project\target\classes started by Playdata in C:\ITStudy\GitHub\Gourmand_SpringBoot_Project)
2021-02-19 09:56:27.331  INFO 14828 --- [restartedMain] io.gourmand.GourmandApplication          : No active profile set, falling back to default profiles: default
2021-02-19 09:56:27.657  INFO 14828 --- [restartedMain] .s.d.r.c.RepositoryConfigurationDelegate : Bootstrapping Spring Data JPA repositories in DEFAULT mode.
2021-02-19 09:56:27.719  INFO 14828 --- [restartedMain] .s.d.r.c.RepositoryConfigurationDelegate : Finished Spring Data repository scanning in 61ms. Found 13 JPA repository interfaces.
2021-02-19 09:56:27.864  INFO 14828 --- [restartedMain] o.s.b.w.embedded.tomcat.TomcatWebServer  : Tomcat initialized with port(s): 80 (http)
2021-02-19 09:56:27.865  INFO 14828 --- [restartedMain] o.apache.catalina.core.StandardService   : Starting service [Tomcat]
2021-02-19 09:56:27.865  INFO 14828 --- [restartedMain] org.apache.catalina.core.StandardEngine  : Starting Servlet engine: [Apache Tomcat/9.0.41]
2021-02-19 09:56:27.885  INFO 14828 --- [restartedMain] o.a.c.c.C.[Tomcat].[localhost].[/]       : Initializing Spring embedded WebApplicationContext
2021-02-19 09:56:27.885  INFO 14828 --- [restartedMain] w.s.c.ServletWebServerApplicationContext : Root WebApplicationContext: initialization completed in 552 ms
2021-02-19 09:56:27.955  INFO 14828 --- [restartedMain] o.hibernate.jpa.internal.util.LogHelper  : HHH000204: Processing PersistenceUnitInfo [name: default]
2021-02-19 09:56:27.961  INFO 14828 --- [restartedMain] com.zaxxer.hikari.HikariDataSource       : HikariPool-9 - Starting...
2021-02-19 09:56:27.965  INFO 14828 --- [restartedMain] com.zaxxer.hikari.HikariDataSource       : HikariPool-9 - Start completed.
2021-02-19 09:56:27.966  INFO 14828 --- [restartedMain] org.hibernate.dialect.Dialect            : HHH000400: Using dialect: org.hibernate.dialect.MySQL5InnoDBDialect
2021-02-19 09:56:28.114  INFO 14828 --- [restartedMain] o.h.e.t.j.p.i.JtaPlatformInitiator       : HHH000490: Using JtaPlatform implementation: [org.hibernate.engine.transaction.jta.platform.internal.NoJtaPlatform]
2021-02-19 09:56:28.114  INFO 14828 --- [restartedMain] j.LocalContainerEntityManagerFactoryBean : Initialized JPA EntityManagerFactory for persistence unit 'default'
2021-02-19 09:56:28.456  WARN 14828 --- [restartedMain] JpaBaseConfiguration$JpaWebConfiguration : spring.jpa.open-in-view is enabled by default. Therefore, database queries may be performed during view rendering. Explicitly configure spring.jpa.open-in-view to disable this warning
2021-02-19 09:56:28.516  INFO 14828 --- [restartedMain] o.s.s.concurrent.ThreadPoolTaskExecutor  : Initializing ExecutorService 'applicationTaskExecutor'
2021-02-19 09:56:28.697  INFO 14828 --- [restartedMain] o.s.b.d.a.OptionalLiveReloadServer       : LiveReload server is running on port 35729
2021-02-19 09:56:28.713  INFO 14828 --- [restartedMain] o.s.b.w.embedded.tomcat.TomcatWebServer  : Tomcat started on port(s): 80 (http) with context path ''
2021-02-19 09:56:28.726  INFO 14828 --- [restartedMain] io.gourmand.GourmandApplication          : Started GourmandApplication in 1.427 seconds (JVM running for 65776.682)
2021-02-19 09:56:28.728  INFO 14828 --- [restartedMain] .ConditionEvaluationDeltaLoggingListener : Condition evaluation unchanged
2021-02-19 10:01:59.858  INFO 14828 --- [Thread-65] o.s.s.concurrent.ThreadPoolTaskExecutor  : Shutting down ExecutorService 'applicationTaskExecutor'
2021-02-19 10:01:59.860  INFO 14828 --- [Thread-65] j.LocalContainerEntityManagerFactoryBean : Closing JPA EntityManagerFactory for persistence unit 'default'
2021-02-19 10:01:59.861  INFO 14828 --- [Thread-65] com.zaxxer.hikari.HikariDataSource       : HikariPool-9 - Shutdown initiated...
2021-02-19 10:01:59.866  INFO 14828 --- [Thread-65] com.zaxxer.hikari.HikariDataSource       : HikariPool-9 - Shutdown completed.
2021-02-19 10:02:00.164  INFO 14828 --- [restartedMain] io.gourmand.GourmandApplication          : Starting GourmandApplication on DESKTOP-17JPC4P with PID 14828 (C:\ITStudy\GitHub\Gourmand_SpringBoot_Project\target\classes started by Playdata in C:\ITStudy\GitHub\Gourmand_SpringBoot_Project)
2021-02-19 10:02:00.165  INFO 14828 --- [restartedMain] io.gourmand.GourmandApplication          : No active profile set, falling back to default profiles: default
2021-02-19 10:02:00.717  INFO 14828 --- [restartedMain] .s.d.r.c.RepositoryConfigurationDelegate : Bootstrapping Spring Data JPA repositories in DEFAULT mode.
2021-02-19 10:02:00.878  INFO 14828 --- [restartedMain] .s.d.r.c.RepositoryConfigurationDelegate : Finished Spring Data repository scanning in 161ms. Found 13 JPA repository interfaces.
2021-02-19 10:02:01.212  INFO 14828 --- [restartedMain] o.s.b.w.embedded.tomcat.TomcatWebServer  : Tomcat initialized with port(s): 80 (http)
2021-02-19 10:02:01.215  INFO 14828 --- [restartedMain] o.apache.catalina.core.StandardService   : Starting service [Tomcat]
2021-02-19 10:02:01.216  INFO 14828 --- [restartedMain] org.apache.catalina.core.StandardEngine  : Starting Servlet engine: [Apache Tomcat/9.0.41]
2021-02-19 10:02:01.246  INFO 14828 --- [restartedMain] o.a.c.c.C.[Tomcat].[localhost].[/]       : Initializing Spring embedded WebApplicationContext
2021-02-19 10:02:01.246  INFO 14828 --- [restartedMain] w.s.c.ServletWebServerApplicationContext : Root WebApplicationContext: initialization completed in 1076 ms
2021-02-19 10:02:01.408  INFO 14828 --- [restartedMain] o.hibernate.jpa.internal.util.LogHelper  : HHH000204: Processing PersistenceUnitInfo [name: default]
2021-02-19 10:02:01.416  INFO 14828 --- [restartedMain] com.zaxxer.hikari.HikariDataSource       : HikariPool-10 - Starting...
2021-02-19 10:02:01.421  INFO 14828 --- [restartedMain] com.zaxxer.hikari.HikariDataSource       : HikariPool-10 - Start completed.
2021-02-19 10:02:01.421  INFO 14828 --- [restartedMain] org.hibernate.dialect.Dialect            : HHH000400: Using dialect: org.hibernate.dialect.MySQL5InnoDBDialect
2021-02-19 10:02:01.703  INFO 14828 --- [restartedMain] o.h.e.t.j.p.i.JtaPlatformInitiator       : HHH000490: Using JtaPlatform implementation: [org.hibernate.engine.transaction.jta.platform.internal.NoJtaPlatform]
2021-02-19 10:02:01.705  INFO 14828 --- [restartedMain] j.LocalContainerEntityManagerFactoryBean : Initialized JPA EntityManagerFactory for persistence unit 'default'
2021-02-19 10:02:02.362  WARN 14828 --- [restartedMain] JpaBaseConfiguration$JpaWebConfiguration : spring.jpa.open-in-view is enabled by default. Therefore, database queries may be performed during view rendering. Explicitly configure spring.jpa.open-in-view to disable this warning
2021-02-19 10:02:02.428  INFO 14828 --- [restartedMain] o.s.s.concurrent.ThreadPoolTaskExecutor  : Initializing ExecutorService 'applicationTaskExecutor'
2021-02-19 10:02:02.675  INFO 14828 --- [restartedMain] o.s.b.d.a.OptionalLiveReloadServer       : LiveReload server is running on port 35729
2021-02-19 10:02:02.695  INFO 14828 --- [restartedMain] o.s.b.w.embedded.tomcat.TomcatWebServer  : Tomcat started on port(s): 80 (http) with context path ''
2021-02-19 10:02:02.705  INFO 14828 --- [restartedMain] io.gourmand.GourmandApplication          : Started GourmandApplication in 2.624 seconds (JVM running for 66110.662)
2021-02-19 10:02:02.708  INFO 14828 --- [restartedMain] .ConditionEvaluationDeltaLoggingListener : Condition evaluation unchanged
2021-02-19 10:02:04.517  INFO 14828 --- [Thread-72] o.s.s.concurrent.ThreadPoolTaskExecutor  : Shutting down ExecutorService 'applicationTaskExecutor'
2021-02-19 10:02:04.520  INFO 14828 --- [Thread-72] j.LocalContainerEntityManagerFactoryBean : Closing JPA EntityManagerFactory for persistence unit 'default'
2021-02-19 10:02:04.521  INFO 14828 --- [Thread-72] com.zaxxer.hikari.HikariDataSource       : HikariPool-10 - Shutdown initiated...
2021-02-19 10:02:04.529  INFO 14828 --- [Thread-72] com.zaxxer.hikari.HikariDataSource       : HikariPool-10 - Shutdown completed.
2021-02-19 10:02:04.867  INFO 14828 --- [restartedMain] io.gourmand.GourmandApplication          : Starting GourmandApplication on DESKTOP-17JPC4P with PID 14828 (C:\ITStudy\GitHub\Gourmand_SpringBoot_Project\target\classes started by Playdata in C:\ITStudy\GitHub\Gourmand_SpringBoot_Project)
2021-02-19 10:02:04.867  INFO 14828 --- [restartedMain] io.gourmand.GourmandApplication          : No active profile set, falling back to default profiles: default
2021-02-19 10:02:05.352  INFO 14828 --- [restartedMain] .s.d.r.c.RepositoryConfigurationDelegate : Bootstrapping Spring Data JPA repositories in DEFAULT mode.
2021-02-19 10:02:05.447  INFO 14828 --- [restartedMain] .s.d.r.c.RepositoryConfigurationDelegate : Finished Spring Data repository scanning in 94ms. Found 13 JPA repository interfaces.
2021-02-19 10:02:05.610  INFO 14828 --- [restartedMain] o.s.b.w.embedded.tomcat.TomcatWebServer  : Tomcat initialized with port(s): 80 (http)
2021-02-19 10:02:05.611  INFO 14828 --- [restartedMain] o.apache.catalina.core.StandardService   : Starting service [Tomcat]
2021-02-19 10:02:05.611  INFO 14828 --- [restartedMain] org.apache.catalina.core.StandardEngine  : Starting Servlet engine: [Apache Tomcat/9.0.41]
2021-02-19 10:02:05.627  INFO 14828 --- [restartedMain] o.a.c.c.C.[Tomcat].[localhost].[/]       : Initializing Spring embedded WebApplicationContext
2021-02-19 10:02:05.627  INFO 14828 --- [restartedMain] w.s.c.ServletWebServerApplicationContext : Root WebApplicationContext: initialization completed in 754 ms
2021-02-19 10:02:05.680  INFO 14828 --- [restartedMain] o.hibernate.jpa.internal.util.LogHelper  : HHH000204: Processing PersistenceUnitInfo [name: default]
2021-02-19 10:02:05.687  INFO 14828 --- [restartedMain] com.zaxxer.hikari.HikariDataSource       : HikariPool-11 - Starting...
2021-02-19 10:02:05.690  INFO 14828 --- [restartedMain] com.zaxxer.hikari.HikariDataSource       : HikariPool-11 - Start completed.
2021-02-19 10:02:05.691  INFO 14828 --- [restartedMain] org.hibernate.dialect.Dialect            : HHH000400: Using dialect: org.hibernate.dialect.MySQL5InnoDBDialect
2021-02-19 10:02:05.842  INFO 14828 --- [restartedMain] o.h.e.t.j.p.i.JtaPlatformInitiator       : HHH000490: Using JtaPlatform implementation: [org.hibernate.engine.transaction.jta.platform.internal.NoJtaPlatform]
2021-02-19 10:02:05.843  INFO 14828 --- [restartedMain] j.LocalContainerEntityManagerFactoryBean : Initialized JPA EntityManagerFactory for persistence unit 'default'
2021-02-19 10:02:06.199  WARN 14828 --- [restartedMain] JpaBaseConfiguration$JpaWebConfiguration : spring.jpa.open-in-view is enabled by default. Therefore, database queries may be performed during view rendering. Explicitly configure spring.jpa.open-in-view to disable this warning
2021-02-19 10:02:06.385  INFO 14828 --- [restartedMain] o.s.s.concurrent.ThreadPoolTaskExecutor  : Initializing ExecutorService 'applicationTaskExecutor'
2021-02-19 10:02:06.511  INFO 14828 --- [restartedMain] o.s.b.d.a.OptionalLiveReloadServer       : LiveReload server is running on port 35729
2021-02-19 10:02:06.535  INFO 14828 --- [restartedMain] o.s.b.w.embedded.tomcat.TomcatWebServer  : Tomcat started on port(s): 80 (http) with context path ''
2021-02-19 10:02:06.547  INFO 14828 --- [restartedMain] io.gourmand.GourmandApplication          : Started GourmandApplication in 1.753 seconds (JVM running for 66114.504)
2021-02-19 10:02:06.549  INFO 14828 --- [restartedMain] .ConditionEvaluationDeltaLoggingListener : Condition evaluation unchanged
2021-02-19 10:02:09.190  INFO 14828 --- [Thread-79] o.s.s.concurrent.ThreadPoolTaskExecutor  : Shutting down ExecutorService 'applicationTaskExecutor'
2021-02-19 10:02:09.192  INFO 14828 --- [Thread-79] j.LocalContainerEntityManagerFactoryBean : Closing JPA EntityManagerFactory for persistence unit 'default'
2021-02-19 10:02:09.192  INFO 14828 --- [Thread-79] com.zaxxer.hikari.HikariDataSource       : HikariPool-11 - Shutdown initiated...
2021-02-19 10:02:09.194  INFO 14828 --- [Thread-79] com.zaxxer.hikari.HikariDataSource       : HikariPool-11 - Shutdown completed.
2021-02-19 10:02:09.408  INFO 14828 --- [restartedMain] io.gourmand.GourmandApplication          : Starting GourmandApplication on DESKTOP-17JPC4P with PID 14828 (C:\ITStudy\GitHub\Gourmand_SpringBoot_Project\target\classes started by Playdata in C:\ITStudy\GitHub\Gourmand_SpringBoot_Project)
2021-02-19 10:02:09.408  INFO 14828 --- [restartedMain] io.gourmand.GourmandApplication          : No active profile set, falling back to default profiles: default
2021-02-19 10:02:09.653  INFO 14828 --- [restartedMain] .s.d.r.c.RepositoryConfigurationDelegate : Bootstrapping Spring Data JPA repositories in DEFAULT mode.
2021-02-19 10:02:09.721  INFO 14828 --- [restartedMain] .s.d.r.c.RepositoryConfigurationDelegate : Finished Spring Data repository scanning in 67ms. Found 13 JPA repository interfaces.
2021-02-19 10:02:09.853  INFO 14828 --- [restartedMain] o.s.b.w.embedded.tomcat.TomcatWebServer  : Tomcat initialized with port(s): 80 (http)
2021-02-19 10:02:09.854  INFO 14828 --- [restartedMain] o.apache.catalina.core.StandardService   : Starting service [Tomcat]
2021-02-19 10:02:09.855  INFO 14828 --- [restartedMain] org.apache.catalina.core.StandardEngine  : Starting Servlet engine: [Apache Tomcat/9.0.41]
2021-02-19 10:02:09.870  INFO 14828 --- [restartedMain] o.a.c.c.C.[Tomcat].[localhost].[/]       : Initializing Spring embedded WebApplicationContext
2021-02-19 10:02:09.870  INFO 14828 --- [restartedMain] w.s.c.ServletWebServerApplicationContext : Root WebApplicationContext: initialization completed in 459 ms
2021-02-19 10:02:09.939  INFO 14828 --- [restartedMain] o.hibernate.jpa.internal.util.LogHelper  : HHH000204: Processing PersistenceUnitInfo [name: default]
2021-02-19 10:02:09.944  INFO 14828 --- [restartedMain] com.zaxxer.hikari.HikariDataSource       : HikariPool-12 - Starting...
2021-02-19 10:02:09.948  INFO 14828 --- [restartedMain] com.zaxxer.hikari.HikariDataSource       : HikariPool-12 - Start completed.
2021-02-19 10:02:09.948  INFO 14828 --- [restartedMain] org.hibernate.dialect.Dialect            : HHH000400: Using dialect: org.hibernate.dialect.MySQL5InnoDBDialect
2021-02-19 10:02:10.092  INFO 14828 --- [restartedMain] o.h.e.t.j.p.i.JtaPlatformInitiator       : HHH000490: Using JtaPlatform implementation: [org.hibernate.engine.transaction.jta.platform.internal.NoJtaPlatform]
2021-02-19 10:02:10.092  INFO 14828 --- [restartedMain] j.LocalContainerEntityManagerFactoryBean : Initialized JPA EntityManagerFactory for persistence unit 'default'
2021-02-19 10:02:10.385  WARN 14828 --- [restartedMain] JpaBaseConfiguration$JpaWebConfiguration : spring.jpa.open-in-view is enabled by default. Therefore, database queries may be performed during view rendering. Explicitly configure spring.jpa.open-in-view to disable this warning
2021-02-19 10:02:10.433  INFO 14828 --- [restartedMain] o.s.s.concurrent.ThreadPoolTaskExecutor  : Initializing ExecutorService 'applicationTaskExecutor'
2021-02-19 10:02:10.556  INFO 14828 --- [restartedMain] o.s.b.d.a.OptionalLiveReloadServer       : LiveReload server is running on port 35729
2021-02-19 10:02:10.566  INFO 14828 --- [restartedMain] o.s.b.w.embedded.tomcat.TomcatWebServer  : Tomcat started on port(s): 80 (http) with context path ''
2021-02-19 10:02:10.577  INFO 14828 --- [restartedMain] io.gourmand.GourmandApplication          : Started GourmandApplication in 1.213 seconds (JVM running for 66118.534)
2021-02-19 10:02:10.579  INFO 14828 --- [restartedMain] .ConditionEvaluationDeltaLoggingListener : Condition evaluation unchanged
